  [1m[35m (0.2ms)[0m  [1m[34mSELECT sqlite_version(*)[0m
  [1m[35m (7.3ms)[0m  [1m[35mCREATE TABLE "schema_migrations" ("version" varchar NOT NULL PRIMARY KEY)[0m
  [1m[35m (7.3ms)[0m  [1m[35mCREATE TABLE "ar_internal_metadata" ("key" varchar NOT NULL PRIMARY KEY, "value" varchar, "created_at" datetime NOT NULL, "updated_at" datetime NOT NULL)[0m
  [1m[35m (0.2ms)[0m  [1m[34mSELECT "schema_migrations"."version" FROM "schema_migrations" ORDER BY "schema_migrations"."version" ASC[0m
Migrating to CreateStudents (20171029123800)
  [1m[35m (0.1ms)[0m  [1m[36mbegin transaction[0m
  [1m[35m (1.0ms)[0m  [1m[35mCREATE TABLE "students" ("id" INTEGER PRIMARY KEY AUTOINCREMENT NOT NULL, "first_name" varchar, "second_name" varchar, "mark" integer, "created_at" datetime NOT NULL, "updated_at" datetime NOT NULL)[0m
  [1m[35mSQL (0.3ms)[0m  [1m[32mINSERT INTO "schema_migrations" ("version") VALUES (?)[0m  [["version", "20171029123800"]]
  [1m[35m (22.6ms)[0m  [1m[36mcommit transaction[0m
  [1m[36mActiveRecord::InternalMetadata Load (0.4ms)[0m  [1m[34mSELECT  "ar_internal_metadata".* FROM "ar_internal_metadata" WHERE "ar_internal_metadata"."key" = ? LIMIT ?[0m  [["key", "environment"], ["LIMIT", 1]]
  [1m[35m (0.5ms)[0m  [1m[36mbegin transaction[0m
  [1m[35mSQL (1.4ms)[0m  [1m[32mINSERT INTO "ar_internal_metadata" ("key", "value", "created_at", "updated_at") VALUES (?, ?, ?, ?)[0m  [["key", "environment"], ["value", "development"], ["created_at", "2017-10-29 12:38:37.716661"], ["updated_at", "2017-10-29 12:38:37.716661"]]
  [1m[35m (4.3ms)[0m  [1m[36mcommit transaction[0m
  [1m[35m (0.3ms)[0m  [1m[34mSELECT "schema_migrations"."version" FROM "schema_migrations" ORDER BY "schema_migrations"."version" ASC[0m
Started GET "/students" for 127.0.0.1 at 2017-10-29 06:01:33 -0700
  [1m[35m (0.2ms)[0m  [1m[34mSELECT "schema_migrations"."version" FROM "schema_migrations" ORDER BY "schema_migrations"."version" ASC[0m
Processing by StudentsController#index as HTML
  Rendering students/index.html.erb within layouts/application
  [1m[36mStudent Load (0.7ms)[0m  [1m[34mSELECT "students".* FROM "students"[0m
  Rendered students/index.html.erb within layouts/application (6.3ms)
Completed 200 OK in 7224ms (Views: 7205.0ms | ActiveRecord: 1.2ms)


Started GET "/students/new" for 127.0.0.1 at 2017-10-29 06:01:55 -0700
Processing by StudentsController#new as HTML
  Rendering students/new.html.erb within layouts/application
  Rendered students/new.html.erb within layouts/application (28.1ms)
Completed 200 OK in 82ms (Views: 65.7ms | ActiveRecord: 0.8ms)


Started POST "/students" for 127.0.0.1 at 2017-10-29 06:02:18 -0700
Processing by StudentsController#create as HTML
  Parameters: {"utf8"=>"✓", "authenticity_token"=>"YH6vg4Ps2hgZ2rTnMmc7jr6+YqM6yVywan3YNGfz7dZbnCXY8ink1ni3qyDELfzErKPmj1+UveFby+DsbS3cMg==", "student"=>{"first_name"=>"some forst name", "second_name"=>"another second name", "mark"=>"6"}, "commit"=>"Create Student"}
Completed 500 Internal Server Error in 208ms (ActiveRecord: 0.0ms)


  
NameError (undefined local variable or method `parems' for #<StudentsController:0xb3104614>
Did you mean?  params
               params=
               @_params):
  
app/controllers/students_controller.rb:43:in `student_params'
app/controllers/students_controller.rb:13:in `create'
Started POST "/students" for 127.0.0.1 at 2017-10-29 06:02:52 -0700
Processing by StudentsController#create as HTML
  Parameters: {"utf8"=>"✓", "authenticity_token"=>"YH6vg4Ps2hgZ2rTnMmc7jr6+YqM6yVywan3YNGfz7dZbnCXY8ink1ni3qyDELfzErKPmj1+UveFby+DsbS3cMg==", "student"=>{"first_name"=>"some second name", "second_name"=>"another one  second name", "mark"=>"12"}, "commit"=>"Create Student"}
  [1m[35m (0.1ms)[0m  [1m[36mbegin transaction[0m
  [1m[35mSQL (2.4ms)[0m  [1m[32mINSERT INTO "students" ("first_name", "second_name", "mark", "created_at", "updated_at") VALUES (?, ?, ?, ?, ?)[0m  [["first_name", "some second name"], ["second_name", "another one  second name"], ["mark", 12], ["created_at", "2017-10-29 13:02:52.751233"], ["updated_at", "2017-10-29 13:02:52.751233"]]
  [1m[35m (5.9ms)[0m  [1m[36mcommit transaction[0m
Redirected to http://localhost:3000/students
Completed 302 Found in 33ms (ActiveRecord: 10.0ms)


Started GET "/students" for 127.0.0.1 at 2017-10-29 06:02:52 -0700
Processing by StudentsController#index as HTML
  Rendering students/index.html.erb within layouts/application
  [1m[36mStudent Load (0.3ms)[0m  [1m[34mSELECT "students".* FROM "students"[0m
  Rendered students/index.html.erb within layouts/application (6.6ms)
Completed 200 OK in 36ms (Views: 33.8ms | ActiveRecord: 0.3ms)


Started GET "/students" for 127.0.0.1 at 2017-10-29 06:02:54 -0700
Processing by StudentsController#index as HTML
  Rendering students/index.html.erb within layouts/application
  [1m[36mStudent Load (0.2ms)[0m  [1m[34mSELECT "students".* FROM "students"[0m
  Rendered students/index.html.erb within layouts/application (2.3ms)
Completed 200 OK in 33ms (Views: 31.7ms | ActiveRecord: 0.2ms)


Started GET "/students" for 127.0.0.1 at 2017-10-29 06:03:09 -0700
Processing by StudentsController#index as HTML
  Rendering students/index.html.erb within layouts/application
  [1m[36mStudent Load (0.4ms)[0m  [1m[34mSELECT "students".* FROM "students"[0m
  Rendered students/index.html.erb within layouts/application (39.9ms)
Completed 500 Internal Server Error in 55ms (ActiveRecord: 0.4ms)


  
ActionView::Template::Error (undefined method `name' for #<Student:0xafef0f10>):
    1: <h1> Index Student App </h1>
    2: 
    3: <% @students.each do |student| %>
    4: 	<%= student.name %>
    5: 
    6: 	<%= link_to 'Show', student %>
    7: 	<%= link_to 'Edit', edit_student_path(student) %>
  
app/views/students/index.html.erb:4:in `block in _app_views_students_index_html_erb__986866413__622987538'
app/views/students/index.html.erb:3:in `_app_views_students_index_html_erb__986866413__622987538'
Started GET "/students" for 127.0.0.1 at 2017-10-29 06:04:23 -0700
Processing by StudentsController#index as HTML
  Rendering students/index.html.erb within layouts/application
  [1m[36mStudent Load (0.3ms)[0m  [1m[34mSELECT "students".* FROM "students"[0m
  Rendered students/index.html.erb within layouts/application (17.8ms)
Completed 500 Internal Server Error in 25ms (ActiveRecord: 0.3ms)


  
ActionView::Template::Error (undefined method `name' for #<Student:0xb42d0eec>):
    1: <h1> Index Student App </h1>
    2: 
    3: <% @students.each do |student| %>
    4: 	<%= student.name %>
    5: 
    6: 	<%= link_to 'Show', student %>
    7: 	<%= link_to 'Edit', edit_student_path(student) %>
  
app/views/students/index.html.erb:4:in `block in _app_views_students_index_html_erb__986866413__632452368'
app/views/students/index.html.erb:3:in `_app_views_students_index_html_erb__986866413__632452368'
Started GET "/students" for 127.0.0.1 at 2017-10-29 06:04:27 -0700
Processing by StudentsController#index as HTML
  Rendering students/index.html.erb within layouts/application
  [1m[36mStudent Load (0.3ms)[0m  [1m[34mSELECT "students".* FROM "students"[0m
  Rendered students/index.html.erb within layouts/application (11.1ms)
Completed 500 Internal Server Error in 16ms (ActiveRecord: 0.3ms)


  
ActionView::Template::Error (undefined method `name' for #<Student:0xb015e568>):
    1: <h1> Index Student App </h1>
    2: 
    3: <% @students.each do |student| %>
    4: 	<%= student.name %>
    5: 
    6: 	<%= link_to 'Show', student %>
    7: 	<%= link_to 'Edit', edit_student_path(student) %>
  
app/views/students/index.html.erb:4:in `block in _app_views_students_index_html_erb__986866413__670343688'
app/views/students/index.html.erb:3:in `_app_views_students_index_html_erb__986866413__670343688'
Started GET "/students" for 127.0.0.1 at 2017-10-29 06:05:35 -0700
Processing by StudentsController#index as HTML
  Rendering students/index.html.erb within layouts/application
  [1m[36mStudent Load (0.4ms)[0m  [1m[34mSELECT "students".* FROM "students"[0m
  Rendered students/index.html.erb within layouts/application (3.0ms)
Completed 200 OK in 45ms (Views: 41.6ms | ActiveRecord: 0.4ms)


Started GET "/students/new" for 127.0.0.1 at 2017-10-29 06:05:45 -0700
Processing by StudentsController#new as HTML
  Rendering students/new.html.erb within layouts/application
  Rendered students/new.html.erb within layouts/application (3.8ms)
Completed 200 OK in 40ms (Views: 37.6ms | ActiveRecord: 0.0ms)


Started POST "/students" for 127.0.0.1 at 2017-10-29 06:05:58 -0700
Processing by StudentsController#create as HTML
  Parameters: {"utf8"=>"✓", "authenticity_token"=>"zKEZSdROYW+J8/buzTp3KRQ0No0Dayxz9CvsYPT77Gv3Q5MSpYtfoeie6Sk7cLBjBimyoWY2zSLFndS4/iXdjw==", "student"=>{"first_name"=>"first name", "second_name"=>"scond name", "mark"=>"5"}, "commit"=>"Create Student"}
  [1m[35m (0.2ms)[0m  [1m[36mbegin transaction[0m
  [1m[35mSQL (1.3ms)[0m  [1m[32mINSERT INTO "students" ("first_name", "second_name", "mark", "created_at", "updated_at") VALUES (?, ?, ?, ?, ?)[0m  [["first_name", "first name"], ["second_name", "scond name"], ["mark", 5], ["created_at", "2017-10-29 13:05:58.196735"], ["updated_at", "2017-10-29 13:05:58.196735"]]
  [1m[35m (4.3ms)[0m  [1m[36mcommit transaction[0m
Redirected to http://localhost:3000/students
Completed 302 Found in 13ms (ActiveRecord: 5.8ms)


Started GET "/students" for 127.0.0.1 at 2017-10-29 06:05:58 -0700
Processing by StudentsController#index as HTML
  Rendering students/index.html.erb within layouts/application
  [1m[36mStudent Load (0.5ms)[0m  [1m[34mSELECT "students".* FROM "students"[0m
  Rendered students/index.html.erb within layouts/application (4.3ms)
Completed 200 OK in 47ms (Views: 45.3ms | ActiveRecord: 0.5ms)


Started GET "/students/1" for 127.0.0.1 at 2017-10-29 06:06:01 -0700
Processing by StudentsController#show as HTML
  Parameters: {"id"=>"1"}
  [1m[36mStudent Load (0.3ms)[0m  [1m[34mSELECT  "students".* FROM "students" WHERE "students"."id" = ? LIMIT ?[0m  [["id", 1], ["LIMIT", 1]]
  Rendering students/show.html.erb within layouts/application
  Rendered students/show.html.erb within layouts/application (4.5ms)
Completed 500 Internal Server Error in 12ms (ActiveRecord: 0.3ms)


  
ActionView::Template::Error (undefined method `first_name' for nil:NilClass):
    1: <h1> Show Student Info </h1>
    2: 
    3: <%= 'First name:' %>
    4: <%= @student.first_name %><br>
    5: <%= 'Second name:' %>
    6: <%= @student.second_name %><br>
    7: <%= 'Mark:' %>
  
app/views/students/show.html.erb:4:in `_app_views_students_show_html_erb__123186743__633049338'
Started GET "/students/1" for 127.0.0.1 at 2017-10-29 06:06:22 -0700
Processing by StudentsController#show as HTML
  Parameters: {"id"=>"1"}
  [1m[36mStudent Load (0.3ms)[0m  [1m[34mSELECT  "students".* FROM "students" WHERE "students"."id" = ? LIMIT ?[0m  [["id", 1], ["LIMIT", 1]]
  Rendering students/show.html.erb within layouts/application
  Rendered students/show.html.erb within layouts/application (1.8ms)
Completed 200 OK in 36ms (Views: 33.2ms | ActiveRecord: 0.3ms)


Started GET "/students/1" for 127.0.0.1 at 2017-10-29 06:06:26 -0700
Processing by StudentsController#show as HTML
  Parameters: {"id"=>"1"}
  [1m[36mStudent Load (0.2ms)[0m  [1m[34mSELECT  "students".* FROM "students" WHERE "students"."id" = ? LIMIT ?[0m  [["id", 1], ["LIMIT", 1]]
  Rendering students/show.html.erb within layouts/application
  Rendered students/show.html.erb within layouts/application (2.1ms)
Completed 200 OK in 39ms (Views: 35.9ms | ActiveRecord: 0.2ms)


Started GET "/students/1" for 127.0.0.1 at 2017-10-29 06:06:30 -0700
Processing by StudentsController#show as HTML
  Parameters: {"id"=>"1"}
  [1m[36mStudent Load (0.2ms)[0m  [1m[34mSELECT  "students".* FROM "students" WHERE "students"."id" = ? LIMIT ?[0m  [["id", 1], ["LIMIT", 1]]
  Rendering students/show.html.erb within layouts/application
  Rendered students/show.html.erb within layouts/application (1.5ms)
Completed 200 OK in 38ms (Views: 35.4ms | ActiveRecord: 0.2ms)


Started GET "/students/1" for 127.0.0.1 at 2017-10-29 06:06:37 -0700
Processing by StudentsController#show as HTML
  Parameters: {"id"=>"1"}
  [1m[36mStudent Load (0.2ms)[0m  [1m[34mSELECT  "students".* FROM "students" WHERE "students"."id" = ? LIMIT ?[0m  [["id", 1], ["LIMIT", 1]]
  Rendering students/show.html.erb within layouts/application
  Rendered students/show.html.erb within layouts/application (1.8ms)
Completed 200 OK in 57ms (Views: 54.0ms | ActiveRecord: 0.2ms)


Started GET "/students/1" for 127.0.0.1 at 2017-10-29 06:06:38 -0700
Processing by StudentsController#show as HTML
  Parameters: {"id"=>"1"}
  [1m[36mStudent Load (0.3ms)[0m  [1m[34mSELECT  "students".* FROM "students" WHERE "students"."id" = ? LIMIT ?[0m  [["id", 1], ["LIMIT", 1]]
  Rendering students/show.html.erb within layouts/application
  Rendered students/show.html.erb within layouts/application (2.3ms)
Completed 200 OK in 42ms (Views: 38.0ms | ActiveRecord: 0.3ms)


Started GET "/students" for 127.0.0.1 at 2017-10-29 06:06:39 -0700
Processing by StudentsController#index as HTML
  Rendering students/index.html.erb within layouts/application
  [1m[36mStudent Load (0.5ms)[0m  [1m[34mSELECT "students".* FROM "students"[0m
  Rendered students/index.html.erb within layouts/application (5.0ms)
Completed 200 OK in 58ms (Views: 47.0ms | ActiveRecord: 0.5ms)


Started GET "/students/1" for 127.0.0.1 at 2017-10-29 06:06:40 -0700
Processing by StudentsController#show as HTML
  Parameters: {"id"=>"1"}
  [1m[36mStudent Load (0.2ms)[0m  [1m[34mSELECT  "students".* FROM "students" WHERE "students"."id" = ? LIMIT ?[0m  [["id", 1], ["LIMIT", 1]]
  Rendering students/show.html.erb within layouts/application
  Rendered students/show.html.erb within layouts/application (1.0ms)
Completed 200 OK in 45ms (Views: 42.2ms | ActiveRecord: 0.2ms)


Started GET "/students" for 127.0.0.1 at 2017-10-29 06:06:41 -0700
Processing by StudentsController#index as HTML
  Rendering students/index.html.erb within layouts/application
  [1m[36mStudent Load (0.3ms)[0m  [1m[34mSELECT "students".* FROM "students"[0m
  Rendered students/index.html.erb within layouts/application (2.7ms)
Completed 200 OK in 39ms (Views: 35.5ms | ActiveRecord: 0.3ms)


Started GET "/students/2" for 127.0.0.1 at 2017-10-29 06:06:42 -0700
Processing by StudentsController#show as HTML
  Parameters: {"id"=>"2"}
  [1m[36mStudent Load (0.5ms)[0m  [1m[34mSELECT  "students".* FROM "students" WHERE "students"."id" = ? LIMIT ?[0m  [["id", 2], ["LIMIT", 1]]
  Rendering students/show.html.erb within layouts/application
  Rendered students/show.html.erb within layouts/application (1.2ms)
Completed 200 OK in 45ms (Views: 39.2ms | ActiveRecord: 0.5ms)


Started GET "/students" for 127.0.0.1 at 2017-10-29 06:06:44 -0700
Processing by StudentsController#index as HTML
  Rendering students/index.html.erb within layouts/application
  [1m[36mStudent Load (0.3ms)[0m  [1m[34mSELECT "students".* FROM "students"[0m
  Rendered students/index.html.erb within layouts/application (3.3ms)
Completed 200 OK in 45ms (Views: 42.6ms | ActiveRecord: 0.3ms)


Started GET "/students/1/edit" for 127.0.0.1 at 2017-10-29 06:06:45 -0700
Processing by StudentsController#edit as HTML
  Parameters: {"id"=>"1"}
  [1m[36mStudent Load (0.4ms)[0m  [1m[34mSELECT  "students".* FROM "students" WHERE "students"."id" = ? LIMIT ?[0m  [["id", 1], ["LIMIT", 1]]
  Rendering students/edit.html.erb within layouts/application
  Rendered students/edit.html.erb within layouts/application (6.2ms)
Completed 200 OK in 36ms (Views: 31.6ms | ActiveRecord: 0.4ms)


Started PATCH "/students/1" for 127.0.0.1 at 2017-10-29 06:06:49 -0700
Processing by StudentsController#update as HTML
  Parameters: {"utf8"=>"✓", "authenticity_token"=>"vPvZhxafCfu3NJAXXT6PhPLKJQOwmfkYkejY5QQOxEkZr/kyZD7tIi52xAktjEfJ+rMKTQFfaczTR9AcPYFYBA==", "student"=>{"first_name"=>"some second name", "second_name"=>"another one  second name", "mark"=>"16"}, "commit"=>"Update Student", "id"=>"1"}
  [1m[36mStudent Load (0.2ms)[0m  [1m[34mSELECT  "students".* FROM "students" WHERE "students"."id" = ? LIMIT ?[0m  [["id", 1], ["LIMIT", 1]]
  [1m[36mStudent Load (0.3ms)[0m  [1m[34mSELECT "students".* FROM "students"[0m
  [1m[35m (0.2ms)[0m  [1m[36mbegin transaction[0m
  [1m[35mSQL (1.6ms)[0m  [1m[33mUPDATE "students" SET "mark" = ?, "updated_at" = ? WHERE "students"."id" = ?[0m  [["mark", 16], ["updated_at", "2017-10-29 13:06:49.106279"], ["id", 1]]
  [1m[35m (6.6ms)[0m  [1m[36mcommit transaction[0m
  [1m[35m (0.2ms)[0m  [1m[36mbegin transaction[0m
  [1m[35mSQL (1.6ms)[0m  [1m[33mUPDATE "students" SET "first_name" = ?, "second_name" = ?, "mark" = ?, "updated_at" = ? WHERE "students"."id" = ?[0m  [["first_name", "some second name"], ["second_name", "another one  second name"], ["mark", 16], ["updated_at", "2017-10-29 13:06:49.120290"], ["id", 2]]
  [1m[35m (20.4ms)[0m  [1m[36mcommit transaction[0m
Redirected to http://localhost:3000/students
Completed 302 Found in 47ms (ActiveRecord: 31.1ms)


Started GET "/students" for 127.0.0.1 at 2017-10-29 06:06:49 -0700
Processing by StudentsController#index as HTML
  Rendering students/index.html.erb within layouts/application
  [1m[36mStudent Load (0.5ms)[0m  [1m[34mSELECT "students".* FROM "students"[0m
  Rendered students/index.html.erb within layouts/application (5.1ms)
Completed 200 OK in 43ms (Views: 40.0ms | ActiveRecord: 0.5ms)


Started GET "/students/2" for 127.0.0.1 at 2017-10-29 06:06:50 -0700
Processing by StudentsController#show as HTML
  Parameters: {"id"=>"2"}
  [1m[36mStudent Load (0.2ms)[0m  [1m[34mSELECT  "students".* FROM "students" WHERE "students"."id" = ? LIMIT ?[0m  [["id", 2], ["LIMIT", 1]]
  Rendering students/show.html.erb within layouts/application
  Rendered students/show.html.erb within layouts/application (1.1ms)
Completed 200 OK in 41ms (Views: 38.7ms | ActiveRecord: 0.2ms)


Started GET "/students" for 127.0.0.1 at 2017-10-29 06:06:51 -0700
Processing by StudentsController#index as HTML
  Rendering students/index.html.erb within layouts/application
  [1m[36mStudent Load (0.4ms)[0m  [1m[34mSELECT "students".* FROM "students"[0m
  Rendered students/index.html.erb within layouts/application (3.2ms)
Completed 200 OK in 34ms (Views: 30.2ms | ActiveRecord: 0.4ms)


Started GET "/students/1" for 127.0.0.1 at 2017-10-29 06:06:52 -0700
Processing by StudentsController#show as HTML
  Parameters: {"id"=>"1"}
  [1m[36mStudent Load (0.2ms)[0m  [1m[34mSELECT  "students".* FROM "students" WHERE "students"."id" = ? LIMIT ?[0m  [["id", 1], ["LIMIT", 1]]
  Rendering students/show.html.erb within layouts/application
  Rendered students/show.html.erb within layouts/application (1.4ms)
Completed 200 OK in 43ms (Views: 39.7ms | ActiveRecord: 0.2ms)


Started GET "/students" for 127.0.0.1 at 2017-10-29 06:06:53 -0700
Processing by StudentsController#index as HTML
  Rendering students/index.html.erb within layouts/application
  [1m[36mStudent Load (0.5ms)[0m  [1m[34mSELECT "students".* FROM "students"[0m
  Rendered students/index.html.erb within layouts/application (3.7ms)
Completed 200 OK in 49ms (Views: 45.1ms | ActiveRecord: 0.5ms)


Started GET "/students/2" for 127.0.0.1 at 2017-10-29 06:06:53 -0700
Processing by StudentsController#show as HTML
  Parameters: {"id"=>"2"}
  [1m[36mStudent Load (0.2ms)[0m  [1m[34mSELECT  "students".* FROM "students" WHERE "students"."id" = ? LIMIT ?[0m  [["id", 2], ["LIMIT", 1]]
  Rendering students/show.html.erb within layouts/application
  Rendered students/show.html.erb within layouts/application (1.4ms)
Completed 200 OK in 47ms (Views: 44.0ms | ActiveRecord: 0.2ms)


Started GET "/students" for 127.0.0.1 at 2017-10-29 06:06:54 -0700
Processing by StudentsController#index as HTML
  Rendering students/index.html.erb within layouts/application
  [1m[36mStudent Load (0.3ms)[0m  [1m[34mSELECT "students".* FROM "students"[0m
  Rendered students/index.html.erb within layouts/application (2.8ms)
Completed 200 OK in 38ms (Views: 36.4ms | ActiveRecord: 0.3ms)


Started GET "/students" for 127.0.0.1 at 2017-10-29 06:07:24 -0700
Processing by StudentsController#index as HTML
  Rendering students/index.html.erb within layouts/application
  [1m[36mStudent Load (0.3ms)[0m  [1m[34mSELECT "students".* FROM "students"[0m
  Rendered students/index.html.erb within layouts/application (3.1ms)
Completed 200 OK in 30ms (Views: 27.5ms | ActiveRecord: 0.3ms)


Started GET "/students/1/edit" for 127.0.0.1 at 2017-10-29 06:07:28 -0700
Processing by StudentsController#edit as HTML
  Parameters: {"id"=>"1"}
  [1m[36mStudent Load (0.2ms)[0m  [1m[34mSELECT  "students".* FROM "students" WHERE "students"."id" = ? LIMIT ?[0m  [["id", 1], ["LIMIT", 1]]
  Rendering students/edit.html.erb within layouts/application
  Rendered students/edit.html.erb within layouts/application (2.2ms)
Completed 200 OK in 33ms (Views: 31.1ms | ActiveRecord: 0.2ms)


Started PATCH "/students/1" for 127.0.0.1 at 2017-10-29 06:07:35 -0700
Processing by StudentsController#update as HTML
  Parameters: {"utf8"=>"✓", "authenticity_token"=>"b4n3us9Y5b0bUSyBCD/nygfWxp7WDWMyR5q9awLZROTK3dcPvfkBZIITeJ94jS+HD6/p0GfL8+YFNbWSO1bYqQ==", "student"=>{"first_name"=>"sss", "second_name"=>"dddd", "mark"=>"4"}, "commit"=>"Update Student", "id"=>"1"}
  [1m[36mStudent Load (0.2ms)[0m  [1m[34mSELECT  "students".* FROM "students" WHERE "students"."id" = ? LIMIT ?[0m  [["id", 1], ["LIMIT", 1]]
  [1m[36mStudent Load (0.2ms)[0m  [1m[34mSELECT "students".* FROM "students"[0m
  [1m[35m (0.1ms)[0m  [1m[36mbegin transaction[0m
  [1m[35mSQL (1.0ms)[0m  [1m[33mUPDATE "students" SET "first_name" = ?, "second_name" = ?, "mark" = ?, "updated_at" = ? WHERE "students"."id" = ?[0m  [["first_name", "sss"], ["second_name", "dddd"], ["mark", 4], ["updated_at", "2017-10-29 13:07:35.114984"], ["id", 1]]
  [1m[35m (3.8ms)[0m  [1m[36mcommit transaction[0m
  [1m[35m (0.1ms)[0m  [1m[36mbegin transaction[0m
  [1m[35mSQL (0.5ms)[0m  [1m[33mUPDATE "students" SET "first_name" = ?, "second_name" = ?, "mark" = ?, "updated_at" = ? WHERE "students"."id" = ?[0m  [["first_name", "sss"], ["second_name", "dddd"], ["mark", 4], ["updated_at", "2017-10-29 13:07:35.122336"], ["id", 2]]
  [1m[35m (4.3ms)[0m  [1m[36mcommit transaction[0m
Redirected to http://localhost:3000/students
Completed 302 Found in 21ms (ActiveRecord: 10.2ms)


Started GET "/students" for 127.0.0.1 at 2017-10-29 06:07:35 -0700
Processing by StudentsController#index as HTML
  Rendering students/index.html.erb within layouts/application
  [1m[36mStudent Load (0.3ms)[0m  [1m[34mSELECT "students".* FROM "students"[0m
  Rendered students/index.html.erb within layouts/application (2.6ms)
Completed 200 OK in 34ms (Views: 32.1ms | ActiveRecord: 0.3ms)


Started GET "/students/1/edit" for 127.0.0.1 at 2017-10-29 06:07:47 -0700
Processing by StudentsController#edit as HTML
  Parameters: {"id"=>"1"}
  [1m[36mStudent Load (0.9ms)[0m  [1m[34mSELECT  "students".* FROM "students" WHERE "students"."id" = ? LIMIT ?[0m  [["id", 1], ["LIMIT", 1]]
  Rendering students/edit.html.erb within layouts/application
  Rendered students/edit.html.erb within layouts/application (3.3ms)
Completed 500 Internal Server Error in 12ms (ActiveRecord: 0.9ms)


  
ActionView::Template::Error (First argument in form cannot contain nil or be empty):
    1: <h1> Edit Student Info </h1>
    2: 
    3: <%= form_for @student do |f| %>
    4: 	<%= 'First name:' %><br>
    5: 	<%= f.text_field :first_name %><br>
    6: 	<%= 'Second name:' %><br>
  
app/views/students/edit.html.erb:3:in `_app_views_students_edit_html_erb___71307109__624835498'
Started GET "/students" for 127.0.0.1 at 2017-10-29 06:07:52 -0700
Processing by StudentsController#index as HTML
  Rendering students/index.html.erb within layouts/application
  [1m[36mStudent Load (0.2ms)[0m  [1m[34mSELECT "students".* FROM "students"[0m
  Rendered students/index.html.erb within layouts/application (2.8ms)
Completed 200 OK in 30ms (Views: 28.4ms | ActiveRecord: 0.2ms)


Started GET "/students" for 127.0.0.1 at 2017-10-29 06:08:09 -0700
Processing by StudentsController#index as HTML
  Rendering students/index.html.erb within layouts/application
  [1m[36mStudent Load (0.4ms)[0m  [1m[34mSELECT "students".* FROM "students"[0m
  Rendered students/index.html.erb within layouts/application (29.1ms)
Completed 200 OK in 97ms (Views: 89.9ms | ActiveRecord: 3.3ms)


Started GET "/students/1/edit" for 127.0.0.1 at 2017-10-29 06:08:10 -0700
Processing by StudentsController#edit as HTML
  Parameters: {"id"=>"1"}
  [1m[36mStudent Load (0.3ms)[0m  [1m[34mSELECT  "students".* FROM "students" WHERE "students"."id" = ? LIMIT ?[0m  [["id", 1], ["LIMIT", 1]]
  Rendering students/edit.html.erb within layouts/application
  Rendered students/edit.html.erb within layouts/application (3.0ms)
Completed 200 OK in 44ms (Views: 40.0ms | ActiveRecord: 0.3ms)


Started PATCH "/students/1" for 127.0.0.1 at 2017-10-29 06:08:16 -0700
Processing by StudentsController#update as HTML
  Parameters: {"utf8"=>"✓", "authenticity_token"=>"XZ+C/7mK+/CrCueufOHYbGOWbt+I/gl4AGb0CbQQGMX4y6JKyysfKTJIs7AMUxAha+9BkTk4maxCyfzwjZ+EiA==", "student"=>{"first_name"=>"wwww", "second_name"=>"wwww", "mark"=>"4"}, "commit"=>"Update Student", "id"=>"1"}
  [1m[36mStudent Load (0.3ms)[0m  [1m[34mSELECT  "students".* FROM "students" WHERE "students"."id" = ? LIMIT ?[0m  [["id", 1], ["LIMIT", 1]]
  [1m[36mStudent Load (0.2ms)[0m  [1m[34mSELECT "students".* FROM "students"[0m
  [1m[35m (0.1ms)[0m  [1m[36mbegin transaction[0m
  [1m[35mSQL (0.5ms)[0m  [1m[33mUPDATE "students" SET "first_name" = ?, "second_name" = ?, "updated_at" = ? WHERE "students"."id" = ?[0m  [["first_name", "wwww"], ["second_name", "wwww"], ["updated_at", "2017-10-29 13:08:16.190329"], ["id", 1]]
  [1m[35m (6.2ms)[0m  [1m[36mcommit transaction[0m
  [1m[35m (0.1ms)[0m  [1m[36mbegin transaction[0m
  [1m[35mSQL (0.5ms)[0m  [1m[33mUPDATE "students" SET "first_name" = ?, "second_name" = ?, "updated_at" = ? WHERE "students"."id" = ?[0m  [["first_name", "wwww"], ["second_name", "wwww"], ["updated_at", "2017-10-29 13:08:16.203356"], ["id", 2]]
  [1m[35m (8.9ms)[0m  [1m[36mcommit transaction[0m
Redirected to http://localhost:3000/students
Completed 302 Found in 33ms (ActiveRecord: 17.0ms)


Started GET "/students" for 127.0.0.1 at 2017-10-29 06:08:16 -0700
Processing by StudentsController#index as HTML
  Rendering students/index.html.erb within layouts/application
  [1m[36mStudent Load (0.8ms)[0m  [1m[34mSELECT "students".* FROM "students"[0m
  Rendered students/index.html.erb within layouts/application (4.9ms)
Completed 200 OK in 42ms (Views: 38.6ms | ActiveRecord: 0.8ms)


Started GET "/students/2" for 127.0.0.1 at 2017-10-29 06:08:19 -0700
Processing by StudentsController#show as HTML
  Parameters: {"id"=>"2"}
  [1m[36mStudent Load (0.2ms)[0m  [1m[34mSELECT  "students".* FROM "students" WHERE "students"."id" = ? LIMIT ?[0m  [["id", 2], ["LIMIT", 1]]
  Rendering students/show.html.erb within layouts/application
  Rendered students/show.html.erb within layouts/application (5.9ms)
Completed 500 Internal Server Error in 12ms (ActiveRecord: 0.2ms)


  
ActionView::Template::Error (undefined method `first_name' for nil:NilClass):
    1: <h1> Show Student Info </h1>
    2: 
    3: <%= 'First name:' %>
    4: <%= @students.first_name %><br>
    5: <%= 'Second name:' %>
    6: <%= @students.second_name %><br>
    7: <%= 'Mark:' %>
  
app/views/students/show.html.erb:4:in `_app_views_students_show_html_erb__123186743__669800598'
Started GET "/students" for 127.0.0.1 at 2017-10-29 06:08:22 -0700
Processing by StudentsController#index as HTML
  Rendering students/index.html.erb within layouts/application
  [1m[36mStudent Load (0.3ms)[0m  [1m[34mSELECT "students".* FROM "students"[0m
  Rendered students/index.html.erb within layouts/application (3.2ms)
Completed 200 OK in 43ms (Views: 40.0ms | ActiveRecord: 0.3ms)


Started GET "/students/1/edit" for 127.0.0.1 at 2017-10-29 06:08:24 -0700
Processing by StudentsController#edit as HTML
  Parameters: {"id"=>"1"}
  [1m[36mStudent Load (0.2ms)[0m  [1m[34mSELECT  "students".* FROM "students" WHERE "students"."id" = ? LIMIT ?[0m  [["id", 1], ["LIMIT", 1]]
  Rendering students/edit.html.erb within layouts/application
  Rendered students/edit.html.erb within layouts/application (2.5ms)
Completed 200 OK in 55ms (Views: 52.1ms | ActiveRecord: 0.2ms)


Started GET "/students/1" for 127.0.0.1 at 2017-10-29 06:08:40 -0700
Processing by StudentsController#show as HTML
  Parameters: {"id"=>"1"}
  [1m[36mStudent Load (0.2ms)[0m  [1m[34mSELECT  "students".* FROM "students" WHERE "students"."id" = ? LIMIT ?[0m  [["id", 1], ["LIMIT", 1]]
  Rendering students/show.html.erb within layouts/application
  Rendered students/show.html.erb within layouts/application (1.3ms)
Completed 200 OK in 69ms (Views: 64.8ms | ActiveRecord: 0.2ms)


Started GET "/students" for 127.0.0.1 at 2017-10-29 06:08:42 -0700
Processing by StudentsController#index as HTML
  Rendering students/index.html.erb within layouts/application
  [1m[36mStudent Load (0.5ms)[0m  [1m[34mSELECT "students".* FROM "students"[0m
  Rendered students/index.html.erb within layouts/application (4.1ms)
Completed 200 OK in 45ms (Views: 42.4ms | ActiveRecord: 0.5ms)


Started GET "/students/1/edit" for 127.0.0.1 at 2017-10-29 06:08:44 -0700
Processing by StudentsController#edit as HTML
  Parameters: {"id"=>"1"}
  [1m[36mStudent Load (0.2ms)[0m  [1m[34mSELECT  "students".* FROM "students" WHERE "students"."id" = ? LIMIT ?[0m  [["id", 1], ["LIMIT", 1]]
  Rendering students/edit.html.erb within layouts/application
  Rendered students/edit.html.erb within layouts/application (3.7ms)
Completed 200 OK in 34ms (Views: 31.7ms | ActiveRecord: 0.2ms)


Started PATCH "/students/1" for 127.0.0.1 at 2017-10-29 06:08:47 -0700
Processing by StudentsController#update as HTML
  Parameters: {"utf8"=>"✓", "authenticity_token"=>"hbEX5xPFeycTDkfYFRpshLjPvba60MqRhPxEnFwm5Hcg5TdSYWSf/opME8ZlqKTJsLaS+AsWWkXGU0xlZal4Og==", "student"=>{"first_name"=>"ffff", "second_name"=>"ffff", "mark"=>"4"}, "commit"=>"Update Student", "id"=>"1"}
  [1m[36mStudent Load (0.3ms)[0m  [1m[34mSELECT  "students".* FROM "students" WHERE "students"."id" = ? LIMIT ?[0m  [["id", 1], ["LIMIT", 1]]
  [1m[36mStudent Load (0.4ms)[0m  [1m[34mSELECT "students".* FROM "students"[0m
  [1m[35m (0.1ms)[0m  [1m[36mbegin transaction[0m
  [1m[35mSQL (1.1ms)[0m  [1m[33mUPDATE "students" SET "first_name" = ?, "second_name" = ?, "updated_at" = ? WHERE "students"."id" = ?[0m  [["first_name", "ffff"], ["second_name", "ffff"], ["updated_at", "2017-10-29 13:08:47.546807"], ["id", 1]]
  [1m[35m (8.2ms)[0m  [1m[36mcommit transaction[0m
  [1m[35m (0.1ms)[0m  [1m[36mbegin transaction[0m
  [1m[35mSQL (0.9ms)[0m  [1m[33mUPDATE "students" SET "first_name" = ?, "second_name" = ?, "updated_at" = ? WHERE "students"."id" = ?[0m  [["first_name", "ffff"], ["second_name", "ffff"], ["updated_at", "2017-10-29 13:08:47.561260"], ["id", 2]]
  [1m[35m (6.1ms)[0m  [1m[36mcommit transaction[0m
Redirected to http://localhost:3000/students
Completed 302 Found in 35ms (ActiveRecord: 17.3ms)


Started GET "/students" for 127.0.0.1 at 2017-10-29 06:08:47 -0700
Processing by StudentsController#index as HTML
  Rendering students/index.html.erb within layouts/application
  [1m[36mStudent Load (0.3ms)[0m  [1m[34mSELECT "students".* FROM "students"[0m
  Rendered students/index.html.erb within layouts/application (3.3ms)
Completed 200 OK in 35ms (Views: 31.2ms | ActiveRecord: 0.3ms)


Started GET "/students" for 127.0.0.1 at 2017-10-29 06:12:18 -0700
  [1m[35m (0.2ms)[0m  [1m[34mSELECT "schema_migrations"."version" FROM "schema_migrations" ORDER BY "schema_migrations"."version" ASC[0m
Processing by StudentsController#index as HTML
  Rendering students/index.html.erb within layouts/application
  [1m[36mStudent Load (0.3ms)[0m  [1m[34mSELECT "students".* FROM "students"[0m
  Rendered students/index.html.erb within layouts/application (15.3ms)
Completed 200 OK in 282ms (Views: 268.1ms | ActiveRecord: 1.9ms)


Started GET "/students/new" for 127.0.0.1 at 2017-10-29 06:12:31 -0700
Processing by StudentsController#new as HTML
  Rendering students/new.html.erb within layouts/application
  Rendered students/new.html.erb within layouts/application (21.8ms)
Completed 200 OK in 56ms (Views: 53.1ms | ActiveRecord: 0.0ms)


Started POST "/students" for 127.0.0.1 at 2017-10-29 06:12:36 -0700
Processing by StudentsController#create as HTML
  Parameters: {"utf8"=>"✓", "authenticity_token"=>"+YsHLwHcBVSCWVMP4VTKAfWtGXTQPQpfg0srSCoxVsjCaY10cBk7muM0TMgXHg1L57CdWLVg6w6y/ROQIO9nLA==", "student"=>{"first_name"=>"aaaaaaaaaa", "second_name"=>"aaaaaaaaaaaaaaa", "mark"=>"1"}, "commit"=>"Create Student"}
  [1m[35m (0.1ms)[0m  [1m[36mbegin transaction[0m
  [1m[35mSQL (1.4ms)[0m  [1m[32mINSERT INTO "students" ("first_name", "second_name", "mark", "created_at", "updated_at") VALUES (?, ?, ?, ?, ?)[0m  [["first_name", "aaaaaaaaaa"], ["second_name", "aaaaaaaaaaaaaaa"], ["mark", 1], ["created_at", "2017-10-29 13:12:36.577386"], ["updated_at", "2017-10-29 13:12:36.577386"]]
  [1m[35m (9.0ms)[0m  [1m[36mcommit transaction[0m
Redirected to http://localhost:3000/students
Completed 302 Found in 17ms (ActiveRecord: 10.9ms)


Started GET "/students" for 127.0.0.1 at 2017-10-29 06:12:36 -0700
Processing by StudentsController#index as HTML
  Rendering students/index.html.erb within layouts/application
  [1m[36mStudent Load (0.4ms)[0m  [1m[34mSELECT "students".* FROM "students"[0m
  Rendered students/index.html.erb within layouts/application (4.4ms)
Completed 200 OK in 30ms (Views: 27.8ms | ActiveRecord: 0.4ms)


Started GET "/students/3/edit" for 127.0.0.1 at 2017-10-29 06:12:39 -0700
Processing by StudentsController#edit as HTML
  Parameters: {"id"=>"3"}
  [1m[36mStudent Load (0.3ms)[0m  [1m[34mSELECT  "students".* FROM "students" WHERE "students"."id" = ? LIMIT ?[0m  [["id", 3], ["LIMIT", 1]]
  Rendering students/edit.html.erb within layouts/application
  Rendered students/edit.html.erb within layouts/application (3.9ms)
Completed 200 OK in 32ms (Views: 27.6ms | ActiveRecord: 0.3ms)


Started PATCH "/students/3" for 127.0.0.1 at 2017-10-29 06:12:49 -0700
Processing by StudentsController#update as HTML
  Parameters: {"utf8"=>"✓", "authenticity_token"=>"5G+N1gRarjiQCULIwUsKYdR3r4kDZkhGlYbdGopMEYJi0TlaIz58EpEMF9JLtwIDd5wb8BeyCoCJLqKEwA7rdA==", "student"=>{"first_name"=>"bbbbbbbbbb", "second_name"=>"aaaaaaaaaaaaaaa", "mark"=>"1"}, "commit"=>"Update Student", "id"=>"3"}
  [1m[36mStudent Load (0.2ms)[0m  [1m[34mSELECT  "students".* FROM "students" WHERE "students"."id" = ? LIMIT ?[0m  [["id", 3], ["LIMIT", 1]]
  [1m[36mStudent Load (0.2ms)[0m  [1m[34mSELECT "students".* FROM "students"[0m
  [1m[35m (0.1ms)[0m  [1m[36mbegin transaction[0m
  [1m[35mSQL (0.6ms)[0m  [1m[33mUPDATE "students" SET "first_name" = ?, "second_name" = ?, "mark" = ?, "updated_at" = ? WHERE "students"."id" = ?[0m  [["first_name", "bbbbbbbbbb"], ["second_name", "aaaaaaaaaaaaaaa"], ["mark", 1], ["updated_at", "2017-10-29 13:12:49.454707"], ["id", 1]]
  [1m[35m (6.3ms)[0m  [1m[36mcommit transaction[0m
  [1m[35m (0.1ms)[0m  [1m[36mbegin transaction[0m
  [1m[35mSQL (0.4ms)[0m  [1m[33mUPDATE "students" SET "first_name" = ?, "second_name" = ?, "mark" = ?, "updated_at" = ? WHERE "students"."id" = ?[0m  [["first_name", "bbbbbbbbbb"], ["second_name", "aaaaaaaaaaaaaaa"], ["mark", 1], ["updated_at", "2017-10-29 13:12:49.466173"], ["id", 2]]
  [1m[35m (10.2ms)[0m  [1m[36mcommit transaction[0m
  [1m[35m (0.2ms)[0m  [1m[36mbegin transaction[0m
  [1m[35mSQL (0.4ms)[0m  [1m[33mUPDATE "students" SET "first_name" = ?, "updated_at" = ? WHERE "students"."id" = ?[0m  [["first_name", "bbbbbbbbbb"], ["updated_at", "2017-10-29 13:12:49.481972"], ["id", 3]]
  [1m[35m (3.7ms)[0m  [1m[36mcommit transaction[0m
Redirected to http://localhost:3000/students
Completed 302 Found in 39ms (ActiveRecord: 22.4ms)


Started GET "/students" for 127.0.0.1 at 2017-10-29 06:12:49 -0700
Processing by StudentsController#index as HTML
  Rendering students/index.html.erb within layouts/application
  [1m[36mStudent Load (0.3ms)[0m  [1m[34mSELECT "students".* FROM "students"[0m
  Rendered students/index.html.erb within layouts/application (2.7ms)
Completed 200 OK in 25ms (Views: 23.5ms | ActiveRecord: 0.3ms)


Started GET "/students/1" for 127.0.0.1 at 2017-10-29 06:13:25 -0700
Processing by StudentsController#show as HTML
  Parameters: {"id"=>"1"}
  [1m[36mStudent Load (0.3ms)[0m  [1m[34mSELECT  "students".* FROM "students" WHERE "students"."id" = ? LIMIT ?[0m  [["id", 1], ["LIMIT", 1]]
  Rendering students/show.html.erb within layouts/application
  Rendered students/show.html.erb within layouts/application (1.0ms)
Completed 200 OK in 35ms (Views: 31.1ms | ActiveRecord: 0.3ms)


Started GET "/students/2" for 127.0.0.1 at 2017-10-29 06:13:28 -0700
Processing by StudentsController#show as HTML
  Parameters: {"id"=>"2"}
  [1m[36mStudent Load (0.2ms)[0m  [1m[34mSELECT  "students".* FROM "students" WHERE "students"."id" = ? LIMIT ?[0m  [["id", 2], ["LIMIT", 1]]
  Rendering students/show.html.erb within layouts/application
  Rendered students/show.html.erb within layouts/application (0.9ms)
Completed 200 OK in 31ms (Views: 28.4ms | ActiveRecord: 0.2ms)


Started GET "/students/3" for 127.0.0.1 at 2017-10-29 06:13:30 -0700
Processing by StudentsController#show as HTML
  Parameters: {"id"=>"3"}
  [1m[36mStudent Load (0.2ms)[0m  [1m[34mSELECT  "students".* FROM "students" WHERE "students"."id" = ? LIMIT ?[0m  [["id", 3], ["LIMIT", 1]]
  Rendering students/show.html.erb within layouts/application
  Rendered students/show.html.erb within layouts/application (0.9ms)
Completed 200 OK in 25ms (Views: 22.4ms | ActiveRecord: 0.2ms)


Started GET "/students" for 127.0.0.1 at 2017-10-29 06:13:45 -0700
Processing by StudentsController#index as HTML
  Rendering students/index.html.erb within layouts/application
  [1m[36mStudent Load (0.6ms)[0m  [1m[34mSELECT "students".* FROM "students"[0m
  Rendered students/index.html.erb within layouts/application (4.1ms)
Completed 200 OK in 42ms (Views: 40.3ms | ActiveRecord: 0.6ms)


Started GET "/students" for 127.0.0.1 at 2017-10-29 06:13:48 -0700
Processing by StudentsController#index as HTML
  Rendering students/index.html.erb within layouts/application
  [1m[36mStudent Load (0.4ms)[0m  [1m[34mSELECT "students".* FROM "students"[0m
  Rendered students/index.html.erb within layouts/application (4.6ms)
Completed 200 OK in 32ms (Views: 30.4ms | ActiveRecord: 0.4ms)


Started GET "/students/3/edit" for 127.0.0.1 at 2017-10-29 06:13:49 -0700
Processing by StudentsController#edit as HTML
  Parameters: {"id"=>"3"}
  [1m[36mStudent Load (0.4ms)[0m  [1m[34mSELECT  "students".* FROM "students" WHERE "students"."id" = ? LIMIT ?[0m  [["id", 3], ["LIMIT", 1]]
  Rendering students/edit.html.erb within layouts/application
  Rendered students/edit.html.erb within layouts/application (5.8ms)
Completed 200 OK in 76ms (Views: 69.9ms | ActiveRecord: 0.4ms)


Started PATCH "/students/3" for 127.0.0.1 at 2017-10-29 06:13:54 -0700
Processing by StudentsController#update as HTML
  Parameters: {"utf8"=>"✓", "authenticity_token"=>"gXmza492W/Mcp2/GvdsFeg041EycCvgwySahYLgBBQsHxwfnqBKJ2R2iOtw3Jw0YrtNgNYjeuvbVjt7+8kP//Q==", "student"=>{"first_name"=>"ddddddddddd", "second_name"=>"ddddddddddd", "mark"=>"1"}, "commit"=>"Update Student", "id"=>"3"}
  [1m[36mStudent Load (0.2ms)[0m  [1m[34mSELECT  "students".* FROM "students" WHERE "students"."id" = ? LIMIT ?[0m  [["id", 3], ["LIMIT", 1]]
  [1m[36mStudent Load (0.2ms)[0m  [1m[34mSELECT "students".* FROM "students"[0m
  [1m[35m (0.1ms)[0m  [1m[36mbegin transaction[0m
  [1m[35mSQL (0.6ms)[0m  [1m[33mUPDATE "students" SET "first_name" = ?, "second_name" = ?, "updated_at" = ? WHERE "students"."id" = ?[0m  [["first_name", "ddddddddddd"], ["second_name", "ddddddddddd"], ["updated_at", "2017-10-29 13:13:54.901057"], ["id", 1]]
  [1m[35m (4.4ms)[0m  [1m[36mcommit transaction[0m
  [1m[35m (0.1ms)[0m  [1m[36mbegin transaction[0m
  [1m[35mSQL (0.4ms)[0m  [1m[33mUPDATE "students" SET "first_name" = ?, "second_name" = ?, "updated_at" = ? WHERE "students"."id" = ?[0m  [["first_name", "ddddddddddd"], ["second_name", "ddddddddddd"], ["updated_at", "2017-10-29 13:13:54.912092"], ["id", 2]]
  [1m[35m (29.8ms)[0m  [1m[36mcommit transaction[0m
  [1m[35m (0.1ms)[0m  [1m[36mbegin transaction[0m
  [1m[35mSQL (0.6ms)[0m  [1m[33mUPDATE "students" SET "first_name" = ?, "second_name" = ?, "updated_at" = ? WHERE "students"."id" = ?[0m  [["first_name", "ddddddddddd"], ["second_name", "ddddddddddd"], ["updated_at", "2017-10-29 13:13:54.948399"], ["id", 3]]
  [1m[35m (3.8ms)[0m  [1m[36mcommit transaction[0m
Redirected to http://localhost:3000/students
Completed 302 Found in 61ms (ActiveRecord: 40.4ms)


Started GET "/students" for 127.0.0.1 at 2017-10-29 06:13:54 -0700
Processing by StudentsController#index as HTML
  Rendering students/index.html.erb within layouts/application
  [1m[36mStudent Load (0.3ms)[0m  [1m[34mSELECT "students".* FROM "students"[0m
  Rendered students/index.html.erb within layouts/application (3.6ms)
Completed 200 OK in 39ms (Views: 37.0ms | ActiveRecord: 0.3ms)


Started GET "/students" for 127.0.0.1 at 2017-10-29 06:14:07 -0700
Processing by StudentsController#index as HTML
  Rendering students/index.html.erb within layouts/application
  [1m[36mStudent Load (0.5ms)[0m  [1m[34mSELECT "students".* FROM "students"[0m
  Rendered students/index.html.erb within layouts/application (7.2ms)
Completed 200 OK in 47ms (Views: 42.7ms | ActiveRecord: 0.5ms)


Started GET "/students/new" for 127.0.0.1 at 2017-10-29 06:14:12 -0700
Processing by StudentsController#new as HTML
  Rendering students/new.html.erb within layouts/application
  Rendered students/new.html.erb within layouts/application (3.3ms)
Completed 500 Internal Server Error in 7ms (ActiveRecord: 0.0ms)


  
ActionView::Template::Error (First argument in form cannot contain nil or be empty):
    1: <h1> New Student </h1>
    2: 
    3: <%= form_for @student do |f| %>
    4: 	<%= 'First name:' %><br>
    5: 	<%= f.text_field :first_name %><br>
    6: 	<%= 'Second name:' %><br>
  
app/views/students/new.html.erb:3:in `_app_views_students_new_html_erb___149727224__1045424338'
Started GET "/students/new" for 127.0.0.1 at 2017-10-29 06:14:28 -0700
Processing by StudentsController#new as HTML
  Rendering students/new.html.erb within layouts/application
  Rendered students/new.html.erb within layouts/application (3.2ms)
Completed 200 OK in 51ms (Views: 34.1ms | ActiveRecord: 2.2ms)


Started POST "/students" for 127.0.0.1 at 2017-10-29 06:14:33 -0700
Processing by StudentsController#create as HTML
  Parameters: {"utf8"=>"✓", "authenticity_token"=>"y8HEKGcJlvAbpzw3j2+Q9sV06fdQLQZP+JA39HaG5BjwI05zFsyoPnrKI/B5JVe812lt2zVw5x7JJg8sfFjV/A==", "student"=>{"first_name"=>"xxxxxxxxxx", "second_name"=>"xxxxxxxxxxx", "mark"=>"5"}, "commit"=>"Create Student"}
  [1m[35m (0.2ms)[0m  [1m[36mbegin transaction[0m
  [1m[35mSQL (1.1ms)[0m  [1m[32mINSERT INTO "students" ("first_name", "second_name", "mark", "created_at", "updated_at") VALUES (?, ?, ?, ?, ?)[0m  [["first_name", "xxxxxxxxxx"], ["second_name", "xxxxxxxxxxx"], ["mark", 5], ["created_at", "2017-10-29 13:14:33.580028"], ["updated_at", "2017-10-29 13:14:33.580028"]]
  [1m[35m (3.8ms)[0m  [1m[36mcommit transaction[0m
Redirected to http://localhost:3000/students
Completed 302 Found in 10ms (ActiveRecord: 5.0ms)


Started GET "/students" for 127.0.0.1 at 2017-10-29 06:14:33 -0700
Processing by StudentsController#index as HTML
  Rendering students/index.html.erb within layouts/application
  [1m[36mStudent Load (0.5ms)[0m  [1m[34mSELECT "students".* FROM "students"[0m
  Rendered students/index.html.erb within layouts/application (4.3ms)
Completed 200 OK in 28ms (Views: 25.5ms | ActiveRecord: 0.5ms)


Started GET "/students/4/edit" for 127.0.0.1 at 2017-10-29 06:14:35 -0700
Processing by StudentsController#edit as HTML
  Parameters: {"id"=>"4"}
  [1m[36mStudent Load (0.2ms)[0m  [1m[34mSELECT  "students".* FROM "students" WHERE "students"."id" = ? LIMIT ?[0m  [["id", 4], ["LIMIT", 1]]
  Rendering students/edit.html.erb within layouts/application
  Rendered students/edit.html.erb within layouts/application (2.0ms)
Completed 200 OK in 26ms (Views: 23.4ms | ActiveRecord: 0.2ms)


Started PATCH "/students/4" for 127.0.0.1 at 2017-10-29 06:14:39 -0700
Processing by StudentsController#update as HTML
  Parameters: {"utf8"=>"✓", "authenticity_token"=>"TRv2epIfDxi2f9ck13Gk56oC3bCt775YtASRlAzOcPV1/SMAjRMZXe/8A0nNQDRQaRtaQnzYckD9X9A32hFzOQ==", "student"=>{"first_name"=>"vvvvvvvvv", "second_name"=>"vvvvvvvvvvvv", "mark"=>"6"}, "commit"=>"Update Student", "id"=>"4"}
  [1m[36mStudent Load (0.2ms)[0m  [1m[34mSELECT  "students".* FROM "students" WHERE "students"."id" = ? LIMIT ?[0m  [["id", 4], ["LIMIT", 1]]
  [1m[36mStudent Load (0.2ms)[0m  [1m[34mSELECT "students".* FROM "students"[0m
  [1m[35m (0.1ms)[0m  [1m[36mbegin transaction[0m
  [1m[35mSQL (1.5ms)[0m  [1m[33mUPDATE "students" SET "first_name" = ?, "second_name" = ?, "mark" = ?, "updated_at" = ? WHERE "students"."id" = ?[0m  [["first_name", "vvvvvvvvv"], ["second_name", "vvvvvvvvvvvv"], ["mark", 6], ["updated_at", "2017-10-29 13:14:39.699208"], ["id", 1]]
  [1m[35m (10.2ms)[0m  [1m[36mcommit transaction[0m
  [1m[35m (0.1ms)[0m  [1m[36mbegin transaction[0m
  [1m[35mSQL (1.3ms)[0m  [1m[33mUPDATE "students" SET "first_name" = ?, "second_name" = ?, "mark" = ?, "updated_at" = ? WHERE "students"."id" = ?[0m  [["first_name", "vvvvvvvvv"], ["second_name", "vvvvvvvvvvvv"], ["mark", 6], ["updated_at", "2017-10-29 13:14:39.715760"], ["id", 2]]
  [1m[35m (3.7ms)[0m  [1m[36mcommit transaction[0m
  [1m[35m (0.2ms)[0m  [1m[36mbegin transaction[0m
  [1m[35mSQL (0.5ms)[0m  [1m[33mUPDATE "students" SET "first_name" = ?, "second_name" = ?, "mark" = ?, "updated_at" = ? WHERE "students"."id" = ?[0m  [["first_name", "vvvvvvvvv"], ["second_name", "vvvvvvvvvvvv"], ["mark", 6], ["updated_at", "2017-10-29 13:14:39.725744"], ["id", 3]]
  [1m[35m (4.5ms)[0m  [1m[36mcommit transaction[0m
  [1m[35m (0.1ms)[0m  [1m[36mbegin transaction[0m
  [1m[35mSQL (0.4ms)[0m  [1m[33mUPDATE "students" SET "first_name" = ?, "second_name" = ?, "mark" = ?, "updated_at" = ? WHERE "students"."id" = ?[0m  [["first_name", "vvvvvvvvv"], ["second_name", "vvvvvvvvvvvv"], ["mark", 6], ["updated_at", "2017-10-29 13:14:39.737812"], ["id", 4]]
  [1m[35m (4.1ms)[0m  [1m[36mcommit transaction[0m
Redirected to http://localhost:3000/students
Completed 302 Found in 51ms (ActiveRecord: 27.2ms)


Started GET "/students" for 127.0.0.1 at 2017-10-29 06:14:39 -0700
Processing by StudentsController#index as HTML
  Rendering students/index.html.erb within layouts/application
  [1m[36mStudent Load (0.3ms)[0m  [1m[34mSELECT "students".* FROM "students"[0m
  Rendered students/index.html.erb within layouts/application (3.3ms)
Completed 200 OK in 30ms (Views: 27.5ms | ActiveRecord: 0.3ms)


Started GET "/students/4/edit" for 127.0.0.1 at 2017-10-29 06:14:46 -0700
Processing by StudentsController#edit as HTML
  Parameters: {"id"=>"4"}
  [1m[36mStudent Load (0.2ms)[0m  [1m[34mSELECT  "students".* FROM "students" WHERE "students"."id" = ? LIMIT ?[0m  [["id", 4], ["LIMIT", 1]]
  Rendering students/edit.html.erb within layouts/application
  Rendered students/edit.html.erb within layouts/application (2.3ms)
Completed 200 OK in 28ms (Views: 25.8ms | ActiveRecord: 0.2ms)


Started GET "/students/1/edit" for 127.0.0.1 at 2017-10-29 06:14:49 -0700
Processing by StudentsController#edit as HTML
  Parameters: {"id"=>"1"}
  [1m[36mStudent Load (0.2ms)[0m  [1m[34mSELECT  "students".* FROM "students" WHERE "students"."id" = ? LIMIT ?[0m  [["id", 1], ["LIMIT", 1]]
  Rendering students/edit.html.erb within layouts/application
  Rendered students/edit.html.erb within layouts/application (1.9ms)
Completed 200 OK in 33ms (Views: 30.3ms | ActiveRecord: 0.2ms)


Started DELETE "/students/1" for 127.0.0.1 at 2017-10-29 06:14:52 -0700
Processing by StudentsController#destroy as HTML
  Parameters: {"authenticity_token"=>"vAEkSxjR8oGAs+y4LeuL9BN/wHlCFziAJdGtYNONCKaH464QaRTMT+He83/boUy+AWJEVSdK2dEUZ5W42VM5Qg==", "id"=>"1"}
  [1m[36mStudent Load (0.3ms)[0m  [1m[34mSELECT  "students".* FROM "students" WHERE "students"."id" = ? LIMIT ?[0m  [["id", 1], ["LIMIT", 1]]
Completed 500 Internal Server Error in 5ms (ActiveRecord: 0.3ms)


  
NoMethodError (undefined method `destroy' for nil:NilClass):
  
app/controllers/students_controller.rb:31:in `destroy'
Started GET "/students" for 127.0.0.1 at 2017-10-29 06:15:20 -0700
Processing by StudentsController#index as HTML
  Rendering students/index.html.erb within layouts/application
  [1m[36mStudent Load (0.2ms)[0m  [1m[34mSELECT "students".* FROM "students"[0m
  Rendered students/index.html.erb within layouts/application (19.8ms)
Completed 200 OK in 60ms (Views: 56.1ms | ActiveRecord: 1.8ms)


Started DELETE "/students/1" for 127.0.0.1 at 2017-10-29 06:15:21 -0700
Processing by StudentsController#destroy as HTML
  Parameters: {"authenticity_token"=>"ZMlu1CwXeUvN3CR/NECHcx/425GTOfO1EmwD19chVJpfK+SPXdJHhayxO7jCCkA5DeVfvfZkEuQj2jsP3f9lfg==", "id"=>"1"}
  [1m[36mStudent Load (0.4ms)[0m  [1m[34mSELECT  "students".* FROM "students" WHERE "students"."id" = ? LIMIT ?[0m  [["id", 1], ["LIMIT", 1]]
  [1m[35m (0.1ms)[0m  [1m[36mbegin transaction[0m
  [1m[35mSQL (4.4ms)[0m  [1m[31mDELETE FROM "students" WHERE "students"."id" = ?[0m  [["id", 1]]
  [1m[35m (4.5ms)[0m  [1m[36mcommit transaction[0m
Redirected to http://localhost:3000/students
Completed 302 Found in 16ms (ActiveRecord: 9.4ms)


Started GET "/students" for 127.0.0.1 at 2017-10-29 06:15:21 -0700
Processing by StudentsController#index as HTML
  Rendering students/index.html.erb within layouts/application
  [1m[36mStudent Load (0.3ms)[0m  [1m[34mSELECT "students".* FROM "students"[0m
  Rendered students/index.html.erb within layouts/application (3.3ms)
Completed 200 OK in 29ms (Views: 27.6ms | ActiveRecord: 0.3ms)


Started GET "/students/2" for 127.0.0.1 at 2017-10-29 06:15:23 -0700
Processing by StudentsController#show as HTML
  Parameters: {"id"=>"2"}
  [1m[36mStudent Load (0.2ms)[0m  [1m[34mSELECT  "students".* FROM "students" WHERE "students"."id" = ? LIMIT ?[0m  [["id", 2], ["LIMIT", 1]]
  Rendering students/show.html.erb within layouts/application
  Rendered students/show.html.erb within layouts/application (3.6ms)
Completed 500 Internal Server Error in 8ms (ActiveRecord: 0.2ms)


  
ActionView::Template::Error (undefined method `first_name' for nil:NilClass):
    1: <h1> Show Student Info </h1>
    2: 
    3: <%= 'First name:' %>
    4: <%= @students.first_name %><br>
    5: <%= 'Second name:' %>
    6: <%= @students.second_name %><br>
    7: <%= 'Mark:' %>
  
app/views/students/show.html.erb:4:in `_app_views_students_show_html_erb__1066390083__644313368'
Started GET "/students" for 127.0.0.1 at 2017-10-29 06:15:27 -0700
Processing by StudentsController#index as HTML
  Rendering students/index.html.erb within layouts/application
  [1m[36mStudent Load (0.3ms)[0m  [1m[34mSELECT "students".* FROM "students"[0m
  Rendered students/index.html.erb within layouts/application (2.6ms)
Completed 200 OK in 25ms (Views: 23.1ms | ActiveRecord: 0.3ms)


Started GET "/students" for 127.0.0.1 at 2017-10-29 06:15:39 -0700
Processing by StudentsController#index as HTML
  Rendering students/index.html.erb within layouts/application
  [1m[36mStudent Load (0.3ms)[0m  [1m[34mSELECT "students".* FROM "students"[0m
  Rendered students/index.html.erb within layouts/application (4.5ms)
Completed 200 OK in 41ms (Views: 38.5ms | ActiveRecord: 0.3ms)


Started GET "/students/2" for 127.0.0.1 at 2017-10-29 06:15:40 -0700
Processing by StudentsController#show as HTML
  Parameters: {"id"=>"2"}
  [1m[36mStudent Load (0.2ms)[0m  [1m[34mSELECT  "students".* FROM "students" WHERE "students"."id" = ? LIMIT ?[0m  [["id", 2], ["LIMIT", 1]]
  Rendering students/show.html.erb within layouts/application
  Rendered students/show.html.erb within layouts/application (0.9ms)
Completed 200 OK in 41ms (Views: 38.2ms | ActiveRecord: 0.2ms)


Started GET "/students/3" for 127.0.0.1 at 2017-10-29 06:15:45 -0700
Processing by StudentsController#show as HTML
  Parameters: {"id"=>"3"}
  [1m[36mStudent Load (0.2ms)[0m  [1m[34mSELECT  "students".* FROM "students" WHERE "students"."id" = ? LIMIT ?[0m  [["id", 3], ["LIMIT", 1]]
  Rendering students/show.html.erb within layouts/application
  Rendered students/show.html.erb within layouts/application (1.0ms)
Completed 200 OK in 35ms (Views: 32.5ms | ActiveRecord: 0.2ms)


Started GET "/students/4" for 127.0.0.1 at 2017-10-29 06:15:47 -0700
Processing by StudentsController#show as HTML
  Parameters: {"id"=>"4"}
  [1m[36mStudent Load (0.2ms)[0m  [1m[34mSELECT  "students".* FROM "students" WHERE "students"."id" = ? LIMIT ?[0m  [["id", 4], ["LIMIT", 1]]
  Rendering students/show.html.erb within layouts/application
  Rendered students/show.html.erb within layouts/application (0.9ms)
Completed 200 OK in 26ms (Views: 23.4ms | ActiveRecord: 0.2ms)


Started GET "/students/2/edit" for 127.0.0.1 at 2017-10-29 06:15:50 -0700
Processing by StudentsController#edit as HTML
  Parameters: {"id"=>"2"}
  [1m[36mStudent Load (0.2ms)[0m  [1m[34mSELECT  "students".* FROM "students" WHERE "students"."id" = ? LIMIT ?[0m  [["id", 2], ["LIMIT", 1]]
  Rendering students/edit.html.erb within layouts/application
  Rendered students/edit.html.erb within layouts/application (2.6ms)
Completed 200 OK in 44ms (Views: 40.0ms | ActiveRecord: 0.2ms)


Started PATCH "/students/2" for 127.0.0.1 at 2017-10-29 06:15:56 -0700
Processing by StudentsController#update as HTML
  Parameters: {"utf8"=>"✓", "authenticity_token"=>"FpBIEAx6ESTEHpfG5t1VsUnre9wKA4pbjOBlN6MhWOPktCuCE0m2IvxnwHOC812r9eFHy5pGKg+MiWGw0bkUzg==", "student"=>{"first_name"=>"ddddddddd", "second_name"=>"ssssssssss", "mark"=>"5"}, "commit"=>"Update Student", "id"=>"2"}
  [1m[36mStudent Load (0.2ms)[0m  [1m[34mSELECT  "students".* FROM "students" WHERE "students"."id" = ? LIMIT ?[0m  [["id", 2], ["LIMIT", 1]]
  [1m[36mStudent Load (0.2ms)[0m  [1m[34mSELECT "students".* FROM "students"[0m
  [1m[35m (0.1ms)[0m  [1m[36mbegin transaction[0m
  [1m[35mSQL (1.1ms)[0m  [1m[33mUPDATE "students" SET "first_name" = ?, "second_name" = ?, "mark" = ?, "updated_at" = ? WHERE "students"."id" = ?[0m  [["first_name", "ddddddddd"], ["second_name", "ssssssssss"], ["mark", 5], ["updated_at", "2017-10-29 13:15:56.687445"], ["id", 2]]
  [1m[35m (4.5ms)[0m  [1m[36mcommit transaction[0m
  [1m[35m (0.1ms)[0m  [1m[36mbegin transaction[0m
  [1m[35mSQL (0.6ms)[0m  [1m[33mUPDATE "students" SET "first_name" = ?, "second_name" = ?, "mark" = ?, "updated_at" = ? WHERE "students"."id" = ?[0m  [["first_name", "ddddddddd"], ["second_name", "ssssssssss"], ["mark", 5], ["updated_at", "2017-10-29 13:15:56.700160"], ["id", 3]]
  [1m[35m (4.0ms)[0m  [1m[36mcommit transaction[0m
  [1m[35m (0.1ms)[0m  [1m[36mbegin transaction[0m
  [1m[35mSQL (1.1ms)[0m  [1m[33mUPDATE "students" SET "first_name" = ?, "second_name" = ?, "mark" = ?, "updated_at" = ? WHERE "students"."id" = ?[0m  [["first_name", "ddddddddd"], ["second_name", "ssssssssss"], ["mark", 5], ["updated_at", "2017-10-29 13:15:56.710471"], ["id", 4]]
  [1m[35m (4.0ms)[0m  [1m[36mcommit transaction[0m
Redirected to http://localhost:3000/students
Completed 302 Found in 38ms (ActiveRecord: 16.0ms)


Started GET "/students" for 127.0.0.1 at 2017-10-29 06:15:56 -0700
Processing by StudentsController#index as HTML
  Rendering students/index.html.erb within layouts/application
  [1m[36mStudent Load (0.4ms)[0m  [1m[34mSELECT "students".* FROM "students"[0m
  Rendered students/index.html.erb within layouts/application (3.8ms)
Completed 200 OK in 32ms (Views: 30.0ms | ActiveRecord: 0.4ms)


Started GET "/students" for 127.0.0.1 at 2017-10-29 06:17:33 -0700
  [1m[35m (0.4ms)[0m  [1m[34mSELECT "schema_migrations"."version" FROM "schema_migrations" ORDER BY "schema_migrations"."version" ASC[0m
Processing by StudentsController#index as HTML
  Rendering students/index.html.erb within layouts/application
  [1m[36mStudent Load (0.8ms)[0m  [1m[34mSELECT "students".* FROM "students"[0m
  Rendered students/index.html.erb within layouts/application (20.3ms)
Completed 200 OK in 376ms (Views: 355.1ms | ActiveRecord: 1.9ms)


Started GET "/students/2/edit" for 127.0.0.1 at 2017-10-29 06:17:35 -0700
Processing by StudentsController#edit as HTML
  Parameters: {"id"=>"2"}
  [1m[36mStudent Load (0.4ms)[0m  [1m[34mSELECT  "students".* FROM "students" WHERE "students"."id" = ? LIMIT ?[0m  [["id", 2], ["LIMIT", 1]]
  Rendering students/edit.html.erb within layouts/application
  Rendered students/edit.html.erb within layouts/application (19.5ms)
Completed 200 OK in 56ms (Views: 49.8ms | ActiveRecord: 0.4ms)


Started PATCH "/students/2" for 127.0.0.1 at 2017-10-29 06:17:41 -0700
Processing by StudentsController#update as HTML
  Parameters: {"utf8"=>"✓", "authenticity_token"=>"DOuNK3xCUF/khrD1JOj2898Xgcq5st3MMd96+q9Lalf+z+65Y3H3Wdz/50BAxv7pYx293Sn3fZgxtn593dMmeg==", "student"=>{"first_name"=>"ssssssssssss", "second_name"=>"fffffffff", "mark"=>"54"}, "commit"=>"Update Student", "id"=>"2"}
  [1m[36mStudent Load (0.2ms)[0m  [1m[34mSELECT  "students".* FROM "students" WHERE "students"."id" = ? LIMIT ?[0m  [["id", 2], ["LIMIT", 1]]
  [1m[35m (0.1ms)[0m  [1m[36mbegin transaction[0m
  [1m[35mSQL (0.5ms)[0m  [1m[33mUPDATE "students" SET "first_name" = ?, "second_name" = ?, "mark" = ?, "updated_at" = ? WHERE "students"."id" = ?[0m  [["first_name", "ssssssssssss"], ["second_name", "fffffffff"], ["mark", 54], ["updated_at", "2017-10-29 13:17:41.217161"], ["id", 2]]
  [1m[35m (5.6ms)[0m  [1m[36mcommit transaction[0m
Redirected to http://localhost:3000/students
Completed 302 Found in 17ms (ActiveRecord: 6.5ms)


Started GET "/students" for 127.0.0.1 at 2017-10-29 06:17:41 -0700
Processing by StudentsController#index as HTML
  Rendering students/index.html.erb within layouts/application
  [1m[36mStudent Load (0.3ms)[0m  [1m[34mSELECT "students".* FROM "students"[0m
  Rendered students/index.html.erb within layouts/application (3.7ms)
Completed 200 OK in 39ms (Views: 34.1ms | ActiveRecord: 0.3ms)


Started GET "/students/4/edit" for 127.0.0.1 at 2017-10-29 06:17:44 -0700
Processing by StudentsController#edit as HTML
  Parameters: {"id"=>"4"}
  [1m[36mStudent Load (0.2ms)[0m  [1m[34mSELECT  "students".* FROM "students" WHERE "students"."id" = ? LIMIT ?[0m  [["id", 4], ["LIMIT", 1]]
  Rendering students/edit.html.erb within layouts/application
  Rendered students/edit.html.erb within layouts/application (2.5ms)
Completed 200 OK in 37ms (Views: 34.0ms | ActiveRecord: 0.2ms)


Started PATCH "/students/4" for 127.0.0.1 at 2017-10-29 06:17:52 -0700
Processing by StudentsController#update as HTML
  Parameters: {"utf8"=>"✓", "authenticity_token"=>"hKGUgzRVFgc4WNc/CdMvwcpk+9Tf3q92BsA/MuM4+Ha8R0H5K1kAQmHbA1IT4r92CX18Jg7pY25Pm36RNef7ug==", "student"=>{"first_name"=>"ggggggggggg", "second_name"=>"vvvvvvvvvvv", "mark"=>"8"}, "commit"=>"Update Student", "id"=>"4"}
  [1m[36mStudent Load (0.3ms)[0m  [1m[34mSELECT  "students".* FROM "students" WHERE "students"."id" = ? LIMIT ?[0m  [["id", 4], ["LIMIT", 1]]
  [1m[35m (0.1ms)[0m  [1m[36mbegin transaction[0m
  [1m[35mSQL (1.3ms)[0m  [1m[33mUPDATE "students" SET "first_name" = ?, "second_name" = ?, "mark" = ?, "updated_at" = ? WHERE "students"."id" = ?[0m  [["first_name", "ggggggggggg"], ["second_name", "vvvvvvvvvvv"], ["mark", 8], ["updated_at", "2017-10-29 13:17:52.632405"], ["id", 4]]
  [1m[35m (6.7ms)[0m  [1m[36mcommit transaction[0m
Redirected to http://localhost:3000/students
Completed 302 Found in 16ms (ActiveRecord: 8.5ms)


Started GET "/students" for 127.0.0.1 at 2017-10-29 06:17:52 -0700
Processing by StudentsController#index as HTML
  Rendering students/index.html.erb within layouts/application
  [1m[36mStudent Load (0.4ms)[0m  [1m[34mSELECT "students".* FROM "students"[0m
  Rendered students/index.html.erb within layouts/application (3.8ms)
Completed 200 OK in 34ms (Views: 31.2ms | ActiveRecord: 0.4ms)


Started DELETE "/students/4" for 127.0.0.1 at 2017-10-29 06:17:54 -0700
Processing by StudentsController#destroy as HTML
  Parameters: {"authenticity_token"=>"jyHEfVcvf9RYJb7oD+4oeBAFotK+nl7WO5A5qPtrkz+0w04mJupBGjlIoS/5pO8yAhgm/tvDv4cKJgFw8bWi2w==", "id"=>"4"}
  [1m[36mStudent Load (0.3ms)[0m  [1m[34mSELECT  "students".* FROM "students" WHERE "students"."id" = ? LIMIT ?[0m  [["id", 4], ["LIMIT", 1]]
  [1m[35m (0.1ms)[0m  [1m[36mbegin transaction[0m
  [1m[35mSQL (0.5ms)[0m  [1m[31mDELETE FROM "students" WHERE "students"."id" = ?[0m  [["id", 4]]
  [1m[35m (8.8ms)[0m  [1m[36mcommit transaction[0m
Redirected to http://localhost:3000/students
Completed 302 Found in 16ms (ActiveRecord: 9.6ms)


Started GET "/students" for 127.0.0.1 at 2017-10-29 06:17:54 -0700
Processing by StudentsController#index as HTML
  Rendering students/index.html.erb within layouts/application
  [1m[36mStudent Load (0.5ms)[0m  [1m[34mSELECT "students".* FROM "students"[0m
  Rendered students/index.html.erb within layouts/application (4.2ms)
Completed 200 OK in 40ms (Views: 37.3ms | ActiveRecord: 0.5ms)


Started DELETE "/students/3" for 127.0.0.1 at 2017-10-29 06:17:55 -0700
Processing by StudentsController#destroy as HTML
  Parameters: {"authenticity_token"=>"KYOYb+TutLqGnopAkUwrj0p02TtkbvmXar9+tzvZSKoSYRI0lSuKdOfzlYdnBuzFWGldFwEzGMZbCUZvMQd5Tg==", "id"=>"3"}
  [1m[36mStudent Load (0.4ms)[0m  [1m[34mSELECT  "students".* FROM "students" WHERE "students"."id" = ? LIMIT ?[0m  [["id", 3], ["LIMIT", 1]]
  [1m[35m (0.2ms)[0m  [1m[36mbegin transaction[0m
  [1m[35mSQL (0.8ms)[0m  [1m[31mDELETE FROM "students" WHERE "students"."id" = ?[0m  [["id", 3]]
  [1m[35m (7.3ms)[0m  [1m[36mcommit transaction[0m
Redirected to http://localhost:3000/students
Completed 302 Found in 14ms (ActiveRecord: 8.7ms)


Started GET "/students" for 127.0.0.1 at 2017-10-29 06:17:55 -0700
Processing by StudentsController#index as HTML
  Rendering students/index.html.erb within layouts/application
  [1m[36mStudent Load (0.3ms)[0m  [1m[34mSELECT "students".* FROM "students"[0m
  Rendered students/index.html.erb within layouts/application (2.7ms)
Completed 200 OK in 37ms (Views: 34.7ms | ActiveRecord: 0.3ms)


